<?xml version="1.0" encoding="UTF-8"?>
<coverage generated="1785090914739" clover="3.2.0">
  <project timestamp="1785090914739" name="All files">
    <metrics statements="128" coveredstatements="127" conditionals="106" coveredconditionals="101" methods="23" coveredmethods="22" elements="257" coveredelements="250" complexity="0" loc="128" ncloc="128" packages="1" files="6" classes="6"/>
    <file name="canonical-json.ts" path="F:\Projects\StockMind\mobile\src\domain\canonical-json.ts">
      <metrics statements="19" coveredstatements="19" conditionals="10" coveredconditionals="10" methods="4" coveredmethods="4"/>
      <line num="27" count="2" type="stmt"/>
      <line num="28" count="890" type="cond" truecount="1" falsecount="0"/>
      <line num="30" count="487" type="stmt"/>
      <line num="32" count="487" type="cond" truecount="1" falsecount="0"/>
      <line num="33" count="143" type="stmt"/>
      <line num="34" count="143" type="cond" truecount="1" falsecount="0"/>
      <line num="35" count="5" type="stmt"/>
      <line num="38" count="138" type="stmt"/>
      <line num="41" count="344" type="cond" truecount="3" falsecount="0"/>
      <line num="42" count="267" type="stmt"/>
      <line num="45" count="77" type="cond" truecount="1" falsecount="0"/>
      <line num="48" count="15" type="cond" truecount="2" falsecount="0"/>
      <line num="51" count="69" type="cond" truecount="1" falsecount="0"/>
      <line num="52" count="68" type="stmt"/>
      <line num="53" count="68" type="stmt"/>
      <line num="55" count="819" type="stmt"/>
      <line num="56" count="808" type="stmt"/>
      <line num="57" count="62" type="stmt"/>
      <line num="61" count="1" type="stmt"/>
    </file>
    <file name="event-hash.ts" path="F:\Projects\StockMind\mobile\src\domain\event-hash.ts">
      <metrics statements="13" coveredstatements="13" conditionals="3" coveredconditionals="3" methods="3" coveredmethods="3"/>
      <line num="1" count="1" type="stmt"/>
      <line num="14" count="1" type="stmt"/>
      <line num="24" count="35" type="stmt"/>
      <line num="55" count="1" type="stmt"/>
      <line num="56" count="35" type="stmt"/>
      <line num="85" count="1" type="stmt"/>
      <line num="86" count="6" type="stmt"/>
      <line num="87" count="6" type="stmt"/>
      <line num="89" count="6" type="stmt"/>
      <line num="90" count="13" type="cond" truecount="1" falsecount="0"/>
      <line num="91" count="4" type="stmt"/>
      <line num="95" count="13" type="stmt"/>
      <line num="98" count="6" type="stmt"/>
    </file>
    <file name="event-reducer.ts" path="F:\Projects\StockMind\mobile\src\domain\event-reducer.ts">
      <metrics statements="45" coveredstatements="44" conditionals="58" coveredconditionals="54" methods="7" coveredmethods="6"/>
      <line num="33" count="1" type="stmt"/>
      <line num="40" count="1" type="stmt"/>
      <line num="42" count="1" type="stmt"/>
      <line num="43" count="0" type="stmt"/>
      <line num="55" count="19" type="stmt"/>
      <line num="56" count="19" type="cond" truecount="3" falsecount="0"/>
      <line num="57" count="5" type="stmt"/>
      <line num="74" count="37" type="stmt"/>
      <line num="75" count="37" type="cond" truecount="2" falsecount="0"/>
      <line num="77" count="37" type="cond" truecount="1" falsecount="0"/>
      <line num="78" count="9" type="stmt"/>
      <line num="90" count="32" type="stmt"/>
      <line num="109" count="1" type="stmt"/>
      <line num="110" count="50" type="cond" truecount="1" falsecount="0"/>
      <line num="112" count="46" type="cond" truecount="1" falsecount="1"/>
      <line num="113" count="46" type="cond" truecount="1" falsecount="0"/>
      <line num="115" count="45" type="cond" truecount="16" falsecount="0"/>
      <line num="122" count="29" type="cond" truecount="4" falsecount="0"/>
      <line num="123" count="26" type="stmt"/>
      <line num="142" count="1" type="cond" truecount="3" falsecount="1"/>
      <line num="143" count="1" type="stmt"/>
      <line num="144" count="1" type="stmt"/>
      <line num="166" count="5" type="cond" truecount="3" falsecount="1"/>
      <line num="167" count="5" type="stmt"/>
      <line num="168" count="5" type="stmt"/>
      <line num="179" count="5" type="stmt"/>
      <line num="192" count="5" type="stmt"/>
      <line num="197" count="2" type="stmt"/>
      <line num="200" count="2" type="stmt"/>
      <line num="206" count="3" type="stmt"/>
      <line num="216" count="3" type="stmt"/>
      <line num="221" count="1" type="stmt"/>
      <line num="222" count="17" type="stmt"/>
      <line num="223" count="17" type="stmt"/>
      <line num="224" count="27" type="stmt"/>
      <line num="225" count="27" type="cond" truecount="2" falsecount="0"/>
      <line num="227" count="17" type="stmt"/>
      <line num="231" count="1" type="stmt"/>
      <line num="235" count="7" type="stmt"/>
      <line num="236" count="7" type="stmt"/>
      <line num="237" count="7" type="stmt"/>
      <line num="238" count="16" type="stmt"/>
      <line num="239" count="16" type="stmt"/>
      <line num="240" count="16" type="stmt"/>
      <line num="242" count="7" type="stmt"/>
    </file>
    <file name="events.ts" path="F:\Projects\StockMind\mobile\src\domain\events.ts">
      <metrics statements="28" coveredstatements="28" conditionals="22" coveredconditionals="21" methods="3" coveredmethods="3"/>
      <line num="35" count="1" type="stmt"/>
      <line num="46" count="1" type="stmt"/>
      <line num="64" count="1" type="stmt"/>
      <line num="75" count="1" type="stmt"/>
      <line num="76" count="21" type="stmt"/>
      <line num="87" count="1" type="stmt"/>
      <line num="97" count="1" type="stmt"/>
      <line num="98" count="22" type="stmt"/>
      <line num="142" count="1" type="stmt"/>
      <line num="143" count="17" type="stmt"/>
      <line num="145" count="17" type="cond" truecount="1" falsecount="0"/>
      <line num="146" count="17" type="cond" truecount="1" falsecount="0"/>
      <line num="147" count="17" type="cond" truecount="1" falsecount="0"/>
      <line num="148" count="17" type="cond" truecount="0" falsecount="1"/>
      <line num="150" count="17" type="cond" truecount="3" falsecount="0"/>
      <line num="151" count="3" type="stmt"/>
      <line num="154" count="17" type="cond" truecount="1" falsecount="0"/>
      <line num="155" count="16" type="cond" truecount="4" falsecount="0"/>
      <line num="156" count="2" type="stmt"/>
      <line num="157" count="14" type="cond" truecount="1" falsecount="0"/>
      <line num="160" count="2" type="stmt"/>
      <line num="162" count="16" type="cond" truecount="1" falsecount="0"/>
      <line num="163" count="16" type="cond" truecount="1" falsecount="0"/>
      <line num="166" count="17" type="cond" truecount="4" falsecount="0"/>
      <line num="167" count="1" type="stmt"/>
      <line num="170" count="17" type="cond" truecount="3" falsecount="0"/>
      <line num="171" count="1" type="stmt"/>
      <line num="174" count="17" type="stmt"/>
    </file>
    <file name="inventory-math.ts" path="F:\Projects\StockMind\mobile\src\domain\inventory-math.ts">
      <metrics statements="8" coveredstatements="8" conditionals="7" coveredconditionals="7" methods="2" coveredmethods="2"/>
      <line num="22" count="1" type="stmt"/>
      <line num="26" count="15" type="cond" truecount="4" falsecount="0"/>
      <line num="27" count="9" type="cond" truecount="3" falsecount="0"/>
      <line num="29" count="6" type="stmt"/>
      <line num="30" count="6" type="stmt"/>
      <line num="40" count="1" type="stmt"/>
      <line num="41" count="5" type="stmt"/>
      <line num="45" count="1" type="stmt"/>
    </file>
    <file name="lockout-policy.ts" path="F:\Projects\StockMind\mobile\src\domain\lockout-policy.ts">
      <metrics statements="15" coveredstatements="15" conditionals="6" coveredconditionals="6" methods="4" coveredmethods="4"/>
      <line num="19" count="1" type="stmt"/>
      <line num="27" count="1" type="stmt"/>
      <line num="28" count="25" type="cond" truecount="3" falsecount="0"/>
      <line num="29" count="21" type="stmt"/>
      <line num="30" count="21" type="stmt"/>
      <line num="34" count="1" type="stmt"/>
      <line num="35" count="9" type="cond" truecount="3" falsecount="0"/>
      <line num="36" count="7" type="stmt"/>
      <line num="39" count="1" type="stmt"/>
      <line num="40" count="3" type="stmt"/>
      <line num="44" count="1" type="stmt"/>
      <line num="45" count="7" type="stmt"/>
      <line num="46" count="7" type="stmt"/>
      <line num="47" count="7" type="stmt"/>
      <line num="48" count="7" type="stmt"/>
    </file>
  </project>
</coverage>
