{"F:\\Projects\\StockMind\\mobile\\src\\domain\\canonical-json.ts": {"path":"F:\\Projects\\StockMind\\mobile\\src\\domain\\canonical-json.ts","statementMap":{"0":{"start":{"line":28,"column":2},"end":{"line":28,"column":36}},"1":{"start":{"line":28,"column":22},"end":{"line":28,"column":36}},"2":{"start":{"line":30,"column":15},"end":{"line":30,"column":27}},"3":{"start":{"line":32,"column":2},"end":{"line":39,"column":3}},"4":{"start":{"line":33,"column":14},"end":{"line":33,"column":29}},"5":{"start":{"line":34,"column":4},"end":{"line":36,"column":5}},"6":{"start":{"line":35,"column":6},"end":{"line":35,"column":95}},"7":{"start":{"line":38,"column":4},"end":{"line":38,"column":29}},"8":{"start":{"line":41,"column":2},"end":{"line":43,"column":3}},"9":{"start":{"line":42,"column":4},"end":{"line":42,"column":33}},"10":{"start":{"line":45,"column":2},"end":{"line":49,"column":3}},"11":{"start":{"line":48,"column":4},"end":{"line":48,"column":101}},"12":{"start":{"line":48,"column":36},"end":{"line":48,"column":85}},"13":{"start":{"line":51,"column":2},"end":{"line":58,"column":3}},"14":{"start":{"line":52,"column":19},"end":{"line":52,"column":61}},"15":{"start":{"line":53,"column":18},"end":{"line":56,"column":75}},"16":{"start":{"line":55,"column":23},"end":{"line":55,"column":48}},"17":{"start":{"line":56,"column":20},"end":{"line":56,"column":74}},"18":{"start":{"line":57,"column":4},"end":{"line":57,"column":34}},"19":{"start":{"line":61,"column":2},"end":{"line":61,"column":70}},"20":{"start":{"line":27,"column":0},"end":{"line":27,"column":16}}},"fnMap":{"0":{"name":"canonicalJson","decl":{"start":{"line":27,"column":16},"end":{"line":27,"column":29}},"loc":{"start":{"line":27,"column":51},"end":{"line":62,"column":1}}},"1":{"name":"(anonymous_1)","decl":{"start":{"line":48,"column":25},"end":{"line":48,"column":26}},"loc":{"start":{"line":48,"column":36},"end":{"line":48,"column":85}}},"2":{"name":"(anonymous_2)","decl":{"start":{"line":55,"column":14},"end":{"line":55,"column":15}},"loc":{"start":{"line":55,"column":23},"end":{"line":55,"column":48}}},"3":{"name":"(anonymous_3)","decl":{"start":{"line":56,"column":11},"end":{"line":56,"column":12}},"loc":{"start":{"line":56,"column":20},"end":{"line":56,"column":74}}}},"branchMap":{"0":{"loc":{"start":{"line":28,"column":2},"end":{"line":28,"column":36}},"type":"if","locations":[{"start":{"line":28,"column":2},"end":{"line":28,"column":36}}]},"1":{"loc":{"start":{"line":32,"column":2},"end":{"line":39,"column":3}},"type":"if","locations":[{"start":{"line":32,"column":2},"end":{"line":39,"column":3}}]},"2":{"loc":{"start":{"line":34,"column":4},"end":{"line":36,"column":5}},"type":"if","locations":[{"start":{"line":34,"column":4},"end":{"line":36,"column":5}}]},"3":{"loc":{"start":{"line":41,"column":2},"end":{"line":43,"column":3}},"type":"if","locations":[{"start":{"line":41,"column":2},"end":{"line":43,"column":3}}]},"4":{"loc":{"start":{"line":41,"column":6},"end":{"line":41,"column":45}},"type":"binary-expr","locations":[{"start":{"line":41,"column":6},"end":{"line":41,"column":23}},{"start":{"line":41,"column":27},"end":{"line":41,"column":45}}]},"5":{"loc":{"start":{"line":45,"column":2},"end":{"line":49,"column":3}},"type":"if","locations":[{"start":{"line":45,"column":2},"end":{"line":49,"column":3}}]},"6":{"loc":{"start":{"line":48,"column":36},"end":{"line":48,"column":85}},"type":"cond-expr","locations":[{"start":{"line":48,"column":57},"end":{"line":48,"column":63}},{"start":{"line":48,"column":66},"end":{"line":48,"column":85}}]},"7":{"loc":{"start":{"line":51,"column":2},"end":{"line":58,"column":3}},"type":"if","locations":[{"start":{"line":51,"column":2},"end":{"line":58,"column":3}}]}},"s":{"0":890,"1":403,"2":487,"3":487,"4":143,"5":143,"6":5,"7":138,"8":344,"9":267,"10":77,"11":8,"12":15,"13":69,"14":68,"15":68,"16":819,"17":808,"18":62,"19":1,"20":2},"f":{"0":890,"1":15,"2":819,"3":808},"b":{"0":[403],"1":[143],"2":[5],"3":[267],"4":[344,79],"5":[8],"6":[1,14],"7":[68]}}
,"F:\\Projects\\StockMind\\mobile\\src\\domain\\event-hash.ts": {"path":"F:\\Projects\\StockMind\\mobile\\src\\domain\\event-hash.ts","statementMap":{"0":{"start":{"line":1,"column":0},"end":{"line":1,"column":65}},"1":{"start":{"line":14,"column":13},"end":{"line":14,"column":43}},"2":{"start":{"line":24,"column":2},"end":{"line":47,"column":4}},"3":{"start":{"line":56,"column":2},"end":{"line":62,"column":14}},"4":{"start":{"line":55,"column":0},"end":{"line":55,"column":16}},"5":{"start":{"line":86,"column":31},"end":{"line":86,"column":33}},"6":{"start":{"line":87,"column":17},"end":{"line":87,"column":29}},"7":{"start":{"line":89,"column":2},"end":{"line":96,"column":3}},"8":{"start":{"line":90,"column":4},"end":{"line":92,"column":5}},"9":{"start":{"line":91,"column":6},"end":{"line":91,"column":96}},"10":{"start":{"line":95,"column":4},"end":{"line":95,"column":25}},"11":{"start":{"line":98,"column":2},"end":{"line":98,"column":16}},"12":{"start":{"line":85,"column":0},"end":{"line":85,"column":16}}},"fnMap":{"0":{"name":"chainedFields","decl":{"start":{"line":23,"column":9},"end":{"line":23,"column":22}},"loc":{"start":{"line":23,"column":44},"end":{"line":48,"column":1}}},"1":{"name":"buildHashInput","decl":{"start":{"line":55,"column":16},"end":{"line":55,"column":30}},"loc":{"start":{"line":55,"column":70},"end":{"line":63,"column":1}}},"2":{"name":"findChainBreaks","decl":{"start":{"line":85,"column":16},"end":{"line":85,"column":31}},"loc":{"start":{"line":85,"column":50},"end":{"line":99,"column":1}}}},"branchMap":{"0":{"loc":{"start":{"line":46,"column":14},"end":{"line":46,"column":35}},"type":"binary-expr","locations":[{"start":{"line":46,"column":14},"end":{"line":46,"column":27}},{"start":{"line":46,"column":31},"end":{"line":46,"column":35}}]},"1":{"loc":{"start":{"line":90,"column":4},"end":{"line":92,"column":5}},"type":"if","locations":[{"start":{"line":90,"column":4},"end":{"line":92,"column":5}}]}},"s":{"0":1,"1":1,"2":35,"3":35,"4":1,"5":6,"6":6,"7":6,"8":13,"9":4,"10":13,"11":6,"12":1},"f":{"0":35,"1":35,"2":6},"b":{"0":[35,30],"1":[4]}}
,"F:\\Projects\\StockMind\\mobile\\src\\domain\\event-reducer.ts": {"path":"F:\\Projects\\StockMind\\mobile\\src\\domain\\event-reducer.ts","statementMap":{"0":{"start":{"line":33,"column":33},"end":{"line":33,"column":67}},"1":{"start":{"line":40,"column":40},"end":{"line":40,"column":73}},"2":{"start":{"line":43,"column":2},"end":{"line":43,"column":34}},"3":{"start":{"line":42,"column":0},"end":{"line":42,"column":16}},"4":{"start":{"line":55,"column":14},"end":{"line":55,"column":34}},"5":{"start":{"line":56,"column":2},"end":{"line":56,"column":59}},"6":{"start":{"line":56,"column":47},"end":{"line":56,"column":59}},"7":{"start":{"line":57,"column":2},"end":{"line":57,"column":27}},"8":{"start":{"line":74,"column":20},"end":{"line":74,"column":45}},"9":{"start":{"line":75,"column":16},"end":{"line":75,"column":50}},"10":{"start":{"line":77,"column":2},"end":{"line":88,"column":3}},"11":{"start":{"line":78,"column":4},"end":{"line":87,"column":8}},"12":{"start":{"line":78,"column":32},"end":{"line":87,"column":6}},"13":{"start":{"line":90,"column":2},"end":{"line":99,"column":4}},"14":{"start":{"line":110,"column":2},"end":{"line":110,"column":53}},"15":{"start":{"line":110,"column":36},"end":{"line":110,"column":53}},"16":{"start":{"line":112,"column":19},"end":{"line":112,"column":38}},"17":{"start":{"line":113,"column":2},"end":{"line":113,"column":51}},"18":{"start":{"line":113,"column":34},"end":{"line":113,"column":51}},"19":{"start":{"line":115,"column":2},"end":{"line":217,"column":3}},"20":{"start":{"line":122,"column":6},"end":{"line":122,"column":85}},"21":{"start":{"line":122,"column":68},"end":{"line":122,"column":85}},"22":{"start":{"line":123,"column":6},"end":{"line":137,"column":8}},"23":{"start":{"line":142,"column":6},"end":{"line":142,"column":85}},"24":{"start":{"line":142,"column":68},"end":{"line":142,"column":85}},"25":{"start":{"line":143,"column":24},"end":{"line":143,"column":42}},"26":{"start":{"line":144,"column":6},"end":{"line":157,"column":8}},"27":{"start":{"line":166,"column":6},"end":{"line":166,"column":85}},"28":{"start":{"line":166,"column":68},"end":{"line":166,"column":85}},"29":{"start":{"line":167,"column":24},"end":{"line":167,"column":42}},"30":{"start":{"line":168,"column":18},"end":{"line":177,"column":null}},"31":{"start":{"line":179,"column":22},"end":{"line":190,"column":null}},"32":{"start":{"line":192,"column":6},"end":{"line":192,"column":66}},"33":{"start":{"line":197,"column":6},"end":{"line":197,"column":65}},"34":{"start":{"line":200,"column":6},"end":{"line":200,"column":66}},"35":{"start":{"line":206,"column":6},"end":{"line":206,"column":23}},"36":{"start":{"line":216,"column":6},"end":{"line":216,"column":23}},"37":{"start":{"line":109,"column":0},"end":{"line":109,"column":16}},"38":{"start":{"line":222,"column":17},"end":{"line":222,"column":42}},"39":{"start":{"line":223,"column":2},"end":{"line":226,"column":3}},"40":{"start":{"line":224,"column":16},"end":{"line":224,"column":49}},"41":{"start":{"line":225,"column":4},"end":{"line":225,"column":54}},"42":{"start":{"line":227,"column":2},"end":{"line":227,"column":16}},"43":{"start":{"line":221,"column":0},"end":{"line":221,"column":16}},"44":{"start":{"line":235,"column":30},"end":{"line":235,"column":32}},"45":{"start":{"line":236,"column":17},"end":{"line":236,"column":18}},"46":{"start":{"line":237,"column":2},"end":{"line":241,"column":3}},"47":{"start":{"line":238,"column":19},"end":{"line":238,"column":37}},"48":{"start":{"line":239,"column":4},"end":{"line":239,"column":33}},"49":{"start":{"line":240,"column":4},"end":{"line":240,"column":37}},"50":{"start":{"line":242,"column":2},"end":{"line":242,"column":60}},"51":{"start":{"line":231,"column":0},"end":{"line":231,"column":16}}},"fnMap":{"0":{"name":"isTwoSided","decl":{"start":{"line":42,"column":16},"end":{"line":42,"column":26}},"loc":{"start":{"line":42,"column":42},"end":{"line":44,"column":1}}},"1":{"name":"readPicks","decl":{"start":{"line":54,"column":9},"end":{"line":54,"column":18}},"loc":{"start":{"line":54,"column":40},"end":{"line":58,"column":1}}},"2":{"name":"locationDeltas","decl":{"start":{"line":67,"column":9},"end":{"line":67,"column":23}},"loc":{"start":{"line":72,"column":19},"end":{"line":100,"column":1}}},"3":{"name":"(anonymous_3)","decl":{"start":{"line":78,"column":21},"end":{"line":78,"column":22}},"loc":{"start":{"line":78,"column":32},"end":{"line":87,"column":6}}},"4":{"name":"reduceEvent","decl":{"start":{"line":109,"column":16},"end":{"line":109,"column":27}},"loc":{"start":{"line":109,"column":49},"end":{"line":218,"column":1}}},"5":{"name":"netByWarehouse","decl":{"start":{"line":221,"column":16},"end":{"line":221,"column":30}},"loc":{"start":{"line":221,"column":53},"end":{"line":228,"column":1}}},"6":{"name":"foldEvents","decl":{"start":{"line":231,"column":16},"end":{"line":231,"column":26}},"loc":{"start":{"line":231,"column":51},"end":{"line":243,"column":1}}}},"branchMap":{"0":{"loc":{"start":{"line":56,"column":2},"end":{"line":56,"column":59}},"type":"if","locations":[{"start":{"line":56,"column":2},"end":{"line":56,"column":59}}]},"1":{"loc":{"start":{"line":56,"column":6},"end":{"line":56,"column":45}},"type":"binary-expr","locations":[{"start":{"line":56,"column":6},"end":{"line":56,"column":25}},{"start":{"line":56,"column":29},"end":{"line":56,"column":45}}]},"2":{"loc":{"start":{"line":75,"column":16},"end":{"line":75,"column":50}},"type":"cond-expr","locations":[{"start":{"line":75,"column":27},"end":{"line":75,"column":43}},{"start":{"line":75,"column":46},"end":{"line":75,"column":50}}]},"3":{"loc":{"start":{"line":77,"column":2},"end":{"line":88,"column":3}},"type":"if","locations":[{"start":{"line":77,"column":2},"end":{"line":88,"column":3}}]},"4":{"loc":{"start":{"line":83,"column":15},"end":{"line":83,"column":53}},"type":"binary-expr","locations":[{"start":{"line":83,"column":15},"end":{"line":83,"column":27}},{"start":{"line":83,"column":31},"end":{"line":83,"column":47}},{"start":{"line":83,"column":51},"end":{"line":83,"column":53}}]},"5":{"loc":{"start":{"line":84,"column":21},"end":{"line":84,"column":71}},"type":"binary-expr","locations":[{"start":{"line":84,"column":21},"end":{"line":84,"column":39}},{"start":{"line":84,"column":43},"end":{"line":84,"column":65}},{"start":{"line":84,"column":69},"end":{"line":84,"column":71}}]},"6":{"loc":{"start":{"line":85,"column":15},"end":{"line":85,"column":33}},"type":"binary-expr","locations":[{"start":{"line":85,"column":15},"end":{"line":85,"column":27}},{"start":{"line":85,"column":31},"end":{"line":85,"column":33}}]},"7":{"loc":{"start":{"line":94,"column":15},"end":{"line":94,"column":37}},"type":"binary-expr","locations":[{"start":{"line":94,"column":15},"end":{"line":94,"column":31}},{"start":{"line":94,"column":35},"end":{"line":94,"column":37}}]},"8":{"loc":{"start":{"line":95,"column":21},"end":{"line":95,"column":49}},"type":"binary-expr","locations":[{"start":{"line":95,"column":21},"end":{"line":95,"column":43}},{"start":{"line":95,"column":47},"end":{"line":95,"column":49}}]},"9":{"loc":{"start":{"line":96,"column":15},"end":{"line":96,"column":34}},"type":"binary-expr","locations":[{"start":{"line":96,"column":15},"end":{"line":96,"column":28}},{"start":{"line":96,"column":32},"end":{"line":96,"column":34}}]},"10":{"loc":{"start":{"line":110,"column":2},"end":{"line":110,"column":53}},"type":"if","locations":[{"start":{"line":110,"column":2},"end":{"line":110,"column":53}}]},"11":{"loc":{"start":{"line":112,"column":19},"end":{"line":112,"column":38}},"type":"binary-expr","locations":[{"start":{"line":112,"column":19},"end":{"line":112,"column":33}},{"start":{"line":112,"column":37},"end":{"line":112,"column":38}}]},"12":{"loc":{"start":{"line":113,"column":2},"end":{"line":113,"column":51}},"type":"if","locations":[{"start":{"line":113,"column":2},"end":{"line":113,"column":51}}]},"13":{"loc":{"start":{"line":115,"column":2},"end":{"line":217,"column":3}},"type":"switch","locations":[{"start":{"line":117,"column":4},"end":{"line":117,"column":19}},{"start":{"line":118,"column":4},"end":{"line":118,"column":18}},{"start":{"line":119,"column":4},"end":{"line":119,"column":17}},{"start":{"line":120,"column":4},"end":{"line":120,"column":19}},{"start":{"line":121,"column":4},"end":{"line":138,"column":5}},{"start":{"line":141,"column":4},"end":{"line":158,"column":5}},{"start":{"line":164,"column":4},"end":{"line":164,"column":20}},{"start":{"line":165,"column":4},"end":{"line":193,"column":5}},{"start":{"line":196,"column":4},"end":{"line":197,"column":65}},{"start":{"line":199,"column":4},"end":{"line":200,"column":66}},{"start":{"line":203,"column":4},"end":{"line":203,"column":17}},{"start":{"line":204,"column":4},"end":{"line":204,"column":23}},{"start":{"line":205,"column":4},"end":{"line":206,"column":23}},{"start":{"line":213,"column":4},"end":{"line":213,"column":20}},{"start":{"line":214,"column":4},"end":{"line":214,"column":20}},{"start":{"line":215,"column":4},"end":{"line":216,"column":23}}]},"14":{"loc":{"start":{"line":122,"column":6},"end":{"line":122,"column":85}},"type":"if","locations":[{"start":{"line":122,"column":6},"end":{"line":122,"column":85}}]},"15":{"loc":{"start":{"line":122,"column":10},"end":{"line":122,"column":66}},"type":"binary-expr","locations":[{"start":{"line":122,"column":10},"end":{"line":122,"column":26}},{"start":{"line":122,"column":30},"end":{"line":122,"column":48}},{"start":{"line":122,"column":52},"end":{"line":122,"column":66}}]},"16":{"loc":{"start":{"line":126,"column":10},"end":{"line":126,"column":32}},"type":"cond-expr","locations":[{"start":{"line":126,"column":26},"end":{"line":126,"column":27}},{"start":{"line":126,"column":30},"end":{"line":126,"column":32}}]},"17":{"loc":{"start":{"line":142,"column":6},"end":{"line":142,"column":85}},"type":"if","locations":[{"start":{"line":142,"column":6},"end":{"line":142,"column":85}}]},"18":{"loc":{"start":{"line":142,"column":10},"end":{"line":142,"column":66}},"type":"binary-expr","locations":[{"start":{"line":142,"column":10},"end":{"line":142,"column":26}},{"start":{"line":142,"column":30},"end":{"line":142,"column":48}},{"start":{"line":142,"column":52},"end":{"line":142,"column":66}}]},"19":{"loc":{"start":{"line":166,"column":6},"end":{"line":166,"column":85}},"type":"if","locations":[{"start":{"line":166,"column":6},"end":{"line":166,"column":85}}]},"20":{"loc":{"start":{"line":166,"column":10},"end":{"line":166,"column":66}},"type":"binary-expr","locations":[{"start":{"line":166,"column":10},"end":{"line":166,"column":26}},{"start":{"line":166,"column":30},"end":{"line":166,"column":48}},{"start":{"line":166,"column":52},"end":{"line":166,"column":66}}]},"21":{"loc":{"start":{"line":184,"column":23},"end":{"line":184,"column":65}},"type":"binary-expr","locations":[{"start":{"line":184,"column":23},"end":{"line":184,"column":44}},{"start":{"line":184,"column":48},"end":{"line":184,"column":65}}]},"22":{"loc":{"start":{"line":225,"column":21},"end":{"line":225,"column":41}},"type":"binary-expr","locations":[{"start":{"line":225,"column":21},"end":{"line":225,"column":36}},{"start":{"line":225,"column":40},"end":{"line":225,"column":41}}]}},"s":{"0":1,"1":1,"2":0,"3":1,"4":19,"5":19,"6":14,"7":5,"8":37,"9":37,"10":37,"11":5,"12":9,"13":32,"14":50,"15":4,"16":46,"17":46,"18":1,"19":45,"20":29,"21":3,"22":26,"23":1,"24":0,"25":1,"26":1,"27":5,"28":0,"29":5,"30":5,"31":5,"32":5,"33":2,"34":2,"35":3,"36":3,"37":1,"38":17,"39":17,"40":27,"41":27,"42":17,"43":1,"44":7,"45":7,"46":7,"47":16,"48":16,"49":16,"50":7,"51":1},"f":{"0":0,"1":19,"2":37,"3":9,"4":50,"5":17,"6":7},"b":{"0":[14],"1":[19,5],"2":[19,18],"3":[5],"4":[9,8,7],"5":[9,8,8],"6":[9,0],"7":[32,29],"8":[32,31],"9":[32,30],"10":[4],"11":[46,0],"12":[1],"13":[12,14,24,25,29,1,4,5,2,2,1,2,3,1,2,3],"14":[3],"15":[29,28,27],"16":[13,13],"17":[0],"18":[1,1,1],"19":[0],"20":[5,5,5],"21":[5,1],"22":[27,18]}}
,"F:\\Projects\\StockMind\\mobile\\src\\domain\\events.ts": {"path":"F:\\Projects\\StockMind\\mobile\\src\\domain\\events.ts","statementMap":{"0":{"start":{"line":35,"column":13},"end":{"line":43,"column":11}},"1":{"start":{"line":46,"column":13},"end":{"line":56,"column":11}},"2":{"start":{"line":64,"column":13},"end":{"line":73,"column":11}},"3":{"start":{"line":76,"column":2},"end":{"line":76,"column":40}},"4":{"start":{"line":75,"column":0},"end":{"line":75,"column":16}},"5":{"start":{"line":87,"column":13},"end":{"line":95,"column":11}},"6":{"start":{"line":98,"column":2},"end":{"line":98,"column":43}},"7":{"start":{"line":97,"column":0},"end":{"line":97,"column":16}},"8":{"start":{"line":143,"column":27},"end":{"line":143,"column":29}},"9":{"start":{"line":145,"column":2},"end":{"line":145,"column":47}},"10":{"start":{"line":145,"column":17},"end":{"line":145,"column":47}},"11":{"start":{"line":146,"column":2},"end":{"line":146,"column":61}},"12":{"start":{"line":146,"column":24},"end":{"line":146,"column":61}},"13":{"start":{"line":147,"column":2},"end":{"line":147,"column":95}},"14":{"start":{"line":147,"column":42},"end":{"line":147,"column":95}},"15":{"start":{"line":148,"column":2},"end":{"line":148,"column":95}},"16":{"start":{"line":148,"column":42},"end":{"line":148,"column":95}},"17":{"start":{"line":150,"column":2},"end":{"line":152,"column":3}},"18":{"start":{"line":151,"column":4},"end":{"line":151,"column":56}},"19":{"start":{"line":154,"column":2},"end":{"line":164,"column":3}},"20":{"start":{"line":155,"column":4},"end":{"line":161,"column":5}},"21":{"start":{"line":156,"column":6},"end":{"line":156,"column":67}},"22":{"start":{"line":157,"column":11},"end":{"line":161,"column":5}},"23":{"start":{"line":160,"column":6},"end":{"line":160,"column":66}},"24":{"start":{"line":162,"column":4},"end":{"line":162,"column":81}},"25":{"start":{"line":162,"column":26},"end":{"line":162,"column":81}},"26":{"start":{"line":163,"column":4},"end":{"line":163,"column":85}},"27":{"start":{"line":163,"column":28},"end":{"line":163,"column":85}},"28":{"start":{"line":166,"column":2},"end":{"line":168,"column":3}},"29":{"start":{"line":167,"column":4},"end":{"line":167,"column":51}},"30":{"start":{"line":170,"column":2},"end":{"line":172,"column":3}},"31":{"start":{"line":171,"column":4},"end":{"line":171,"column":70}},"32":{"start":{"line":174,"column":2},"end":{"line":174,"column":16}},"33":{"start":{"line":142,"column":0},"end":{"line":142,"column":16}}},"fnMap":{"0":{"name":"requiresReason","decl":{"start":{"line":75,"column":16},"end":{"line":75,"column":30}},"loc":{"start":{"line":75,"column":46},"end":{"line":77,"column":1}}},"1":{"name":"affectsQuantity","decl":{"start":{"line":97,"column":16},"end":{"line":97,"column":31}},"loc":{"start":{"line":97,"column":47},"end":{"line":99,"column":1}}},"2":{"name":"validateEvent","decl":{"start":{"line":142,"column":16},"end":{"line":142,"column":29}},"loc":{"start":{"line":142,"column":51},"end":{"line":175,"column":1}}}},"branchMap":{"0":{"loc":{"start":{"line":145,"column":2},"end":{"line":145,"column":47}},"type":"if","locations":[{"start":{"line":145,"column":2},"end":{"line":145,"column":47}}]},"1":{"loc":{"start":{"line":146,"column":2},"end":{"line":146,"column":61}},"type":"if","locations":[{"start":{"line":146,"column":2},"end":{"line":146,"column":61}}]},"2":{"loc":{"start":{"line":147,"column":2},"end":{"line":147,"column":95}},"type":"if","locations":[{"start":{"line":147,"column":2},"end":{"line":147,"column":95}}]},"3":{"loc":{"start":{"line":148,"column":2},"end":{"line":148,"column":95}},"type":"if","locations":[{"start":{"line":148,"column":2},"end":{"line":148,"column":95}}]},"4":{"loc":{"start":{"line":150,"column":2},"end":{"line":152,"column":3}},"type":"if","locations":[{"start":{"line":150,"column":2},"end":{"line":152,"column":3}}]},"5":{"loc":{"start":{"line":150,"column":6},"end":{"line":150,"column":62}},"type":"binary-expr","locations":[{"start":{"line":150,"column":6},"end":{"line":150,"column":37}},{"start":{"line":150,"column":41},"end":{"line":150,"column":62}}]},"6":{"loc":{"start":{"line":154,"column":2},"end":{"line":164,"column":3}},"type":"if","locations":[{"start":{"line":154,"column":2},"end":{"line":164,"column":3}}]},"7":{"loc":{"start":{"line":155,"column":4},"end":{"line":161,"column":5}},"type":"if","locations":[{"start":{"line":155,"column":4},"end":{"line":161,"column":5}},{"start":{"line":157,"column":11},"end":{"line":161,"column":5}}]},"8":{"loc":{"start":{"line":155,"column":8},"end":{"line":155,"column":66}},"type":"binary-expr","locations":[{"start":{"line":155,"column":8},"end":{"line":155,"column":30}},{"start":{"line":155,"column":34},"end":{"line":155,"column":66}}]},"9":{"loc":{"start":{"line":157,"column":11},"end":{"line":161,"column":5}},"type":"if","locations":[{"start":{"line":157,"column":11},"end":{"line":161,"column":5}}]},"10":{"loc":{"start":{"line":162,"column":4},"end":{"line":162,"column":81}},"type":"if","locations":[{"start":{"line":162,"column":4},"end":{"line":162,"column":81}}]},"11":{"loc":{"start":{"line":163,"column":4},"end":{"line":163,"column":85}},"type":"if","locations":[{"start":{"line":163,"column":4},"end":{"line":163,"column":85}}]},"12":{"loc":{"start":{"line":166,"column":2},"end":{"line":168,"column":3}},"type":"if","locations":[{"start":{"line":166,"column":2},"end":{"line":168,"column":3}}]},"13":{"loc":{"start":{"line":166,"column":6},"end":{"line":166,"column":84}},"type":"binary-expr","locations":[{"start":{"line":166,"column":6},"end":{"line":166,"column":36}},{"start":{"line":166,"column":40},"end":{"line":166,"column":62}},{"start":{"line":166,"column":66},"end":{"line":166,"column":84}}]},"14":{"loc":{"start":{"line":170,"column":2},"end":{"line":172,"column":3}},"type":"if","locations":[{"start":{"line":170,"column":2},"end":{"line":172,"column":3}}]},"15":{"loc":{"start":{"line":170,"column":6},"end":{"line":170,"column":59}},"type":"binary-expr","locations":[{"start":{"line":170,"column":6},"end":{"line":170,"column":27}},{"start":{"line":170,"column":31},"end":{"line":170,"column":59}}]}},"s":{"0":1,"1":1,"2":1,"3":21,"4":1,"5":1,"6":22,"7":1,"8":17,"9":17,"10":2,"11":17,"12":1,"13":17,"14":1,"15":17,"16":0,"17":17,"18":3,"19":17,"20":16,"21":2,"22":14,"23":2,"24":16,"25":2,"26":16,"27":1,"28":17,"29":1,"30":17,"31":1,"32":17,"33":1},"f":{"0":21,"1":22,"2":17},"b":{"0":[2],"1":[1],"2":[1],"3":[0],"4":[3],"5":[17,4],"6":[16],"7":[2,14],"8":[16,15],"9":[2],"10":[2],"11":[1],"12":[1],"13":[17,2,2],"14":[1],"15":[17,1]}}
,"F:\\Projects\\StockMind\\mobile\\src\\domain\\inventory-math.ts": {"path":"F:\\Projects\\StockMind\\mobile\\src\\domain\\inventory-math.ts","statementMap":{"0":{"start":{"line":26,"column":2},"end":{"line":26,"column":95}},"1":{"start":{"line":26,"column":83},"end":{"line":26,"column":95}},"2":{"start":{"line":27,"column":2},"end":{"line":27,"column":72}},"3":{"start":{"line":27,"column":60},"end":{"line":27,"column":72}},"4":{"start":{"line":29,"column":16},"end":{"line":29,"column":44}},"5":{"start":{"line":30,"column":2},"end":{"line":30,"column":47}},"6":{"start":{"line":22,"column":0},"end":{"line":22,"column":16}},"7":{"start":{"line":41,"column":2},"end":{"line":41,"column":47}},"8":{"start":{"line":40,"column":0},"end":{"line":40,"column":16}},"9":{"start":{"line":45,"column":13},"end":{"line":45,"column":43}}},"fnMap":{"0":{"name":"quantityFromWeight","decl":{"start":{"line":22,"column":16},"end":{"line":22,"column":34}},"loc":{"start":{"line":24,"column":41},"end":{"line":31,"column":1}}},"1":{"name":"weightCountDrift","decl":{"start":{"line":40,"column":16},"end":{"line":40,"column":32}},"loc":{"start":{"line":40,"column":51},"end":{"line":42,"column":1}}}},"branchMap":{"0":{"loc":{"start":{"line":26,"column":2},"end":{"line":26,"column":95}},"type":"if","locations":[{"start":{"line":26,"column":2},"end":{"line":26,"column":95}}]},"1":{"loc":{"start":{"line":26,"column":6},"end":{"line":26,"column":81}},"type":"binary-expr","locations":[{"start":{"line":26,"column":6},"end":{"line":26,"column":26}},{"start":{"line":26,"column":30},"end":{"line":26,"column":60}},{"start":{"line":26,"column":64},"end":{"line":26,"column":81}}]},"2":{"loc":{"start":{"line":27,"column":2},"end":{"line":27,"column":72}},"type":"if","locations":[{"start":{"line":27,"column":2},"end":{"line":27,"column":72}}]},"3":{"loc":{"start":{"line":27,"column":6},"end":{"line":27,"column":58}},"type":"binary-expr","locations":[{"start":{"line":27,"column":6},"end":{"line":27,"column":37}},{"start":{"line":27,"column":41},"end":{"line":27,"column":58}}]}},"s":{"0":15,"1":6,"2":9,"3":3,"4":6,"5":6,"6":1,"7":5,"8":1,"9":1},"f":{"0":15,"1":5},"b":{"0":[6],"1":[15,13,11],"2":[3],"3":[9,7]}}
,"F:\\Projects\\StockMind\\mobile\\src\\domain\\lockout-policy.ts": {"path":"F:\\Projects\\StockMind\\mobile\\src\\domain\\lockout-policy.ts","statementMap":{"0":{"start":{"line":19,"column":18},"end":{"line":25,"column":11}},"1":{"start":{"line":28,"column":2},"end":{"line":28,"column":61}},"2":{"start":{"line":28,"column":52},"end":{"line":28,"column":61}},"3":{"start":{"line":29,"column":16},"end":{"line":29,"column":69}},"4":{"start":{"line":30,"column":2},"end":{"line":30,"column":26}},"5":{"start":{"line":27,"column":0},"end":{"line":27,"column":16}},"6":{"start":{"line":35,"column":2},"end":{"line":35,"column":75}},"7":{"start":{"line":35,"column":66},"end":{"line":35,"column":75}},"8":{"start":{"line":36,"column":2},"end":{"line":36,"column":44}},"9":{"start":{"line":34,"column":0},"end":{"line":34,"column":16}},"10":{"start":{"line":40,"column":2},"end":{"line":40,"column":49}},"11":{"start":{"line":39,"column":0},"end":{"line":39,"column":16}},"12":{"start":{"line":45,"column":16},"end":{"line":45,"column":49}},"13":{"start":{"line":46,"column":18},"end":{"line":46,"column":40}},"14":{"start":{"line":47,"column":18},"end":{"line":47,"column":28}},"15":{"start":{"line":48,"column":2},"end":{"line":48,"column":58}},"16":{"start":{"line":44,"column":0},"end":{"line":44,"column":16}}},"fnMap":{"0":{"name":"lockoutDurationFor","decl":{"start":{"line":27,"column":16},"end":{"line":27,"column":34}},"loc":{"start":{"line":27,"column":52},"end":{"line":31,"column":1}}},"1":{"name":"remainingLock","decl":{"start":{"line":34,"column":16},"end":{"line":34,"column":29}},"loc":{"start":{"line":34,"column":66},"end":{"line":37,"column":1}}},"2":{"name":"isLocked","decl":{"start":{"line":39,"column":16},"end":{"line":39,"column":24}},"loc":{"start":{"line":39,"column":61},"end":{"line":41,"column":1}}},"3":{"name":"formatCountdown","decl":{"start":{"line":44,"column":16},"end":{"line":44,"column":31}},"loc":{"start":{"line":44,"column":42},"end":{"line":49,"column":1}}}},"branchMap":{"0":{"loc":{"start":{"line":28,"column":2},"end":{"line":28,"column":61}},"type":"if","locations":[{"start":{"line":28,"column":2},"end":{"line":28,"column":61}}]},"1":{"loc":{"start":{"line":28,"column":6},"end":{"line":28,"column":50}},"type":"binary-expr","locations":[{"start":{"line":28,"column":6},"end":{"line":28,"column":33}},{"start":{"line":28,"column":37},"end":{"line":28,"column":50}}]},"2":{"loc":{"start":{"line":35,"column":2},"end":{"line":35,"column":75}},"type":"if","locations":[{"start":{"line":35,"column":2},"end":{"line":35,"column":75}}]},"3":{"loc":{"start":{"line":35,"column":6},"end":{"line":35,"column":64}},"type":"binary-expr","locations":[{"start":{"line":35,"column":6},"end":{"line":35,"column":37}},{"start":{"line":35,"column":41},"end":{"line":35,"column":64}}]}},"s":{"0":1,"1":25,"2":4,"3":21,"4":21,"5":1,"6":9,"7":2,"8":7,"9":1,"10":3,"11":1,"12":7,"13":7,"14":7,"15":7,"16":1},"f":{"0":25,"1":9,"2":3,"3":7},"b":{"0":[4],"1":[25,23],"2":[2],"3":[9,8]}}
}
