TN:
SF:src\domain\canonical-json.ts
FN:27,canonicalJson
FN:48,(anonymous_1)
FN:55,(anonymous_2)
FN:56,(anonymous_3)
FNF:4
FNH:4
FNDA:890,canonicalJson
FNDA:15,(anonymous_1)
FNDA:819,(anonymous_2)
FNDA:808,(anonymous_3)
DA:27,2
DA:28,890
DA:30,487
DA:32,487
DA:33,143
DA:34,143
DA:35,5
DA:38,138
DA:41,344
DA:42,267
DA:45,77
DA:48,15
DA:51,69
DA:52,68
DA:53,68
DA:55,819
DA:56,808
DA:57,62
DA:61,1
LF:19
LH:19
BRDA:28,0,0,403
BRDA:32,1,0,143
BRDA:34,2,0,5
BRDA:41,3,0,267
BRDA:41,4,0,344
BRDA:41,4,1,79
BRDA:45,5,0,8
BRDA:48,6,0,1
BRDA:48,6,1,14
BRDA:51,7,0,68
BRF:10
BRH:10
end_of_record
TN:
SF:src\domain\event-hash.ts
FN:23,chainedFields
FN:55,buildHashInput
FN:85,findChainBreaks
FNF:3
FNH:3
FNDA:35,chainedFields
FNDA:35,buildHashInput
FNDA:6,findChainBreaks
DA:1,1
DA:14,1
DA:24,35
DA:55,1
DA:56,35
DA:85,1
DA:86,6
DA:87,6
DA:89,6
DA:90,13
DA:91,4
DA:95,13
DA:98,6
LF:13
LH:13
BRDA:46,0,0,35
BRDA:46,0,1,30
BRDA:90,1,0,4
BRF:3
BRH:3
end_of_record
TN:
SF:src\domain\event-reducer.ts
FN:42,isTwoSided
FN:54,readPicks
FN:67,locationDeltas
FN:78,(anonymous_3)
FN:109,reduceEvent
FN:221,netByWarehouse
FN:231,foldEvents
FNF:7
FNH:6
FNDA:0,isTwoSided
FNDA:19,readPicks
FNDA:37,locationDeltas
FNDA:9,(anonymous_3)
FNDA:50,reduceEvent
FNDA:17,netByWarehouse
FNDA:7,foldEvents
DA:33,1
DA:40,1
DA:42,1
DA:43,0
DA:55,19
DA:56,19
DA:57,5
DA:74,37
DA:75,37
DA:77,37
DA:78,9
DA:90,32
DA:109,1
DA:110,50
DA:112,46
DA:113,46
DA:115,45
DA:122,29
DA:123,26
DA:142,1
DA:143,1
DA:144,1
DA:166,5
DA:167,5
DA:168,5
DA:179,5
DA:192,5
DA:197,2
DA:200,2
DA:206,3
DA:216,3
DA:221,1
DA:222,17
DA:223,17
DA:224,27
DA:225,27
DA:227,17
DA:231,1
DA:235,7
DA:236,7
DA:237,7
DA:238,16
DA:239,16
DA:240,16
DA:242,7
LF:45
LH:44
BRDA:56,0,0,14
BRDA:56,1,0,19
BRDA:56,1,1,5
BRDA:75,2,0,19
BRDA:75,2,1,18
BRDA:77,3,0,5
BRDA:83,4,0,9
BRDA:83,4,1,8
BRDA:83,4,2,7
BRDA:84,5,0,9
BRDA:84,5,1,8
BRDA:84,5,2,8
BRDA:85,6,0,9
BRDA:85,6,1,0
BRDA:94,7,0,32
BRDA:94,7,1,29
BRDA:95,8,0,32
BRDA:95,8,1,31
BRDA:96,9,0,32
BRDA:96,9,1,30
BRDA:110,10,0,4
BRDA:112,11,0,46
BRDA:112,11,1,0
BRDA:113,12,0,1
BRDA:115,13,0,12
BRDA:115,13,1,14
BRDA:115,13,2,24
BRDA:115,13,3,25
BRDA:115,13,4,29
BRDA:115,13,5,1
BRDA:115,13,6,4
BRDA:115,13,7,5
BRDA:115,13,8,2
BRDA:115,13,9,2
BRDA:115,13,10,1
BRDA:115,13,11,2
BRDA:115,13,12,3
BRDA:115,13,13,1
BRDA:115,13,14,2
BRDA:115,13,15,3
BRDA:122,14,0,3
BRDA:122,15,0,29
BRDA:122,15,1,28
BRDA:122,15,2,27
BRDA:126,16,0,13
BRDA:126,16,1,13
BRDA:142,17,0,0
BRDA:142,18,0,1
BRDA:142,18,1,1
BRDA:142,18,2,1
BRDA:166,19,0,0
BRDA:166,20,0,5
BRDA:166,20,1,5
BRDA:166,20,2,5
BRDA:184,21,0,5
BRDA:184,21,1,1
BRDA:225,22,0,27
BRDA:225,22,1,18
BRF:58
BRH:54
end_of_record
TN:
SF:src\domain\events.ts
FN:75,requiresReason
FN:97,affectsQuantity
FN:142,validateEvent
FNF:3
FNH:3
FNDA:21,requiresReason
FNDA:22,affectsQuantity
FNDA:17,validateEvent
DA:35,1
DA:46,1
DA:64,1
DA:75,1
DA:76,21
DA:87,1
DA:97,1
DA:98,22
DA:142,1
DA:143,17
DA:145,17
DA:146,17
DA:147,17
DA:148,17
DA:150,17
DA:151,3
DA:154,17
DA:155,16
DA:156,2
DA:157,14
DA:160,2
DA:162,16
DA:163,16
DA:166,17
DA:167,1
DA:170,17
DA:171,1
DA:174,17
LF:28
LH:28
BRDA:145,0,0,2
BRDA:146,1,0,1
BRDA:147,2,0,1
BRDA:148,3,0,0
BRDA:150,4,0,3
BRDA:150,5,0,17
BRDA:150,5,1,4
BRDA:154,6,0,16
BRDA:155,7,0,2
BRDA:155,7,1,14
BRDA:155,8,0,16
BRDA:155,8,1,15
BRDA:157,9,0,2
BRDA:162,10,0,2
BRDA:163,11,0,1
BRDA:166,12,0,1
BRDA:166,13,0,17
BRDA:166,13,1,2
BRDA:166,13,2,2
BRDA:170,14,0,1
BRDA:170,15,0,17
BRDA:170,15,1,1
BRF:22
BRH:21
end_of_record
TN:
SF:src\domain\inventory-math.ts
FN:22,quantityFromWeight
FN:40,weightCountDrift
FNF:2
FNH:2
FNDA:15,quantityFromWeight
FNDA:5,weightCountDrift
DA:22,1
DA:26,15
DA:27,9
DA:29,6
DA:30,6
DA:40,1
DA:41,5
DA:45,1
LF:8
LH:8
BRDA:26,0,0,6
BRDA:26,1,0,15
BRDA:26,1,1,13
BRDA:26,1,2,11
BRDA:27,2,0,3
BRDA:27,3,0,9
BRDA:27,3,1,7
BRF:7
BRH:7
end_of_record
TN:
SF:src\domain\lockout-policy.ts
FN:27,lockoutDurationFor
FN:34,remainingLock
FN:39,isLocked
FN:44,formatCountdown
FNF:4
FNH:4
FNDA:25,lockoutDurationFor
FNDA:9,remainingLock
FNDA:3,isLocked
FNDA:7,formatCountdown
DA:19,1
DA:27,1
DA:28,25
DA:29,21
DA:30,21
DA:34,1
DA:35,9
DA:36,7
DA:39,1
DA:40,3
DA:44,1
DA:45,7
DA:46,7
DA:47,7
DA:48,7
LF:15
LH:15
BRDA:28,0,0,4
BRDA:28,1,0,25
BRDA:28,1,1,23
BRDA:35,2,0,2
BRDA:35,3,0,9
BRDA:35,3,1,8
BRF:6
BRH:6
end_of_record
